mode: set
github.com/SN786/sqlpractise/crud/crud.go:17.42,23.16 6 0
github.com/SN786/sqlpractise/crud/crud.go:26.2,26.11 1 0
github.com/SN786/sqlpractise/crud/crud.go:23.16,24.21 1 0
github.com/SN786/sqlpractise/crud/crud.go:43.75,46.16 2 1
github.com/SN786/sqlpractise/crud/crud.go:50.2,50.12 1 1
github.com/SN786/sqlpractise/crud/crud.go:46.16,48.3 1 1
github.com/SN786/sqlpractise/crud/crud.go:55.60,60.16 3 1
github.com/SN786/sqlpractise/crud/crud.go:64.2,64.19 1 1
github.com/SN786/sqlpractise/crud/crud.go:60.16,62.3 1 1
github.com/SN786/sqlpractise/crud/crud.go:69.83,72.16 2 1
github.com/SN786/sqlpractise/crud/crud.go:75.2,78.17 3 1
github.com/SN786/sqlpractise/crud/crud.go:81.2,81.12 1 1
github.com/SN786/sqlpractise/crud/crud.go:72.16,74.3 1 1
github.com/SN786/sqlpractise/crud/crud.go:78.17,80.3 1 1
github.com/SN786/sqlpractise/crud/crud.go:85.43,89.16 2 1
github.com/SN786/sqlpractise/crud/crud.go:93.2,93.12 1 1
github.com/SN786/sqlpractise/crud/crud.go:89.16,91.3 1 1
